<?xml version="1.0" encoding="UTF-8"?>
<testsuite xmlns:xsi="http://www.w3.org/2001/XMLSchema-instance" xsi:noNamespaceSchemaLocation="https://maven.apache.org/surefire/maven-surefire-plugin/xsd/surefire-test-report.xsd" version="3.0.2" name="com.zhl.test.TimeTest" time="5.792" tests="1" errors="0" skipped="0" failures="0">
  <properties>
[...]
</properties>
  <testcase name="testTime" classname="com.zhl.test.TimeTest" time="1.863">
    <system-out><![CDATA[12:50:58.688 [main] INFO org.springframework.test.context.support.AnnotationConfigContextLoaderUtils -- Could not detect default configuration classes for test class [com.zhl.test.TimeTest]: TimeTest does not declare any static, non-private, non-final, nested classes annotated with @Configuration.
12:50:58.830 [main] INFO org.springframework.boot.test.context.SpringBootTestContextBootstrapper -- Found @SpringBootConfiguration com.zhl.Application for test class com.zhl.test.TimeTest

  .   ____          _            __ _ _
 /\\ / ___'_ __ _ _(_)_ __  __ _ \ \ \ \
( ( )\___ | '_ | '_| | '_ \/ _` | \ \ \ \
 \\/  ___)| |_)| | | | | || (_| |  ) ) ) )
  '  |____| .__|_| |_|_| |_\__, | / / / /
 =========|_|==============|___/=/_/_/_/

 :: Spring Boot ::                (v3.5.0)

2025-08-23T12:50:59.539+08:00  INFO 35956 --- [spring-ai-mcp-client] [           main] com.zhl.test.TimeTest                    : Starting TimeTest using Java 21.0.8 with PID 35956 (started by zhl_y in D:\self\workspace\spring-ai-cdr\mcp-client)
2025-08-23T12:50:59.541+08:00  INFO 35956 --- [spring-ai-mcp-client] [           main] com.zhl.test.TimeTest                    : The following 1 profile is active: "test"
2025-08-23T12:51:02.431+08:00  INFO 35956 --- [spring-ai-mcp-client] [           main] com.zhl.test.TimeTest                    : Started TimeTest in 3.401 seconds (process running for 4.514)
StopWatch '': 1.0064906 seconds
----------------------------------------
Seconds       %       Task name
----------------------------------------
1.0064906     100%    任务1

]]></system-out>
    <system-err><![CDATA[Mockito is currently self-attaching to enable the inline-mock-maker. This will no longer work in future releases of the JDK. Please add Mockito as an agent to your build as described in Mockito's documentation: https://javadoc.io/doc/org.mockito/mockito-core/latest/org.mockito/org/mockito/Mockito.html#0.3
WARNING: A Java agent has been loaded dynamically (D:\haitai\maven_repository\net\bytebuddy\byte-buddy-agent\1.17.5\byte-buddy-agent-1.17.5.jar)
WARNING: If a serviceability tool is in use, please run with -XX:+EnableDynamicAgentLoading to hide this warning
WARNING: If a serviceability tool is not in use, please run with -Djdk.instrument.traceUsage for more information
WARNING: Dynamic loading of agents will be disallowed by default in a future release
]]></system-err>
  </testcase>
</testsuite>